<?xml version="1.0" encoding="UTF-8"?>
<testng-results ignored="0" total="1" passed="1" failed="0" skipped="0">
  <reporter-output>
  </reporter-output>
  <suite started-at="2021-11-17T21:47:01 IST" name="Default suite" finished-at="2021-11-17T21:47:42 IST" duration-ms="40813">
    <groups>
    </groups>
    <test started-at="2021-11-17T21:47:01 IST" name="Default test" finished-at="2021-11-17T21:47:42 IST" duration-ms="40813">
      <class name="tests.loginTest">
        <test-method is-config="true" signature="preConditions()[pri:0, instance:tests.loginTest@3aefe5e5]" started-at="2021-11-17T21:47:01 IST" name="preConditions" finished-at="2021-11-17T21:47:10 IST" duration-ms="9135" status="PASS">
          <reporter-output>
          </reporter-output>
        </test-method> <!-- preConditions -->
        <test-method signature="Login()[pri:0, instance:tests.loginTest@3aefe5e5]" started-at="2021-11-17T21:47:10 IST" name="Login" finished-at="2021-11-17T21:47:42 IST" duration-ms="31640" status="PASS">
          <reporter-output>
          </reporter-output>
        </test-method> <!-- Login -->
      </class> <!-- tests.loginTest -->
    </test> <!-- Default test -->
  </suite> <!-- Default suite -->
</testng-results>
